<?xml version="1.0" encoding="UTF-8"?>
<!-- Generated by org.testng.reporters.JUnitReportReporter -->
<testsuite hostname="LAPTOP-UN92J48R" name="com.selenium.UtilityFiles.VerifyMultipleUserLogins" tests="1" failures="0" timestamp="12 Jun 2018 13:09:01 GMT" time="68.798" errors="0">
  <testcase name="testImportexport1" time="68.798" classname="com.selenium.UtilityFiles.VerifyMultipleUserLogins"/>
</testsuite> <!-- com.selenium.UtilityFiles.VerifyMultipleUserLogins -->
